Performance version: 0.7.0
Report on Darwin-17.6.0-x86_64-i386-64bit
Number of logical CPUs: 4
Start date: 2018-10-28 17:25:14.363955
End date: 2018-10-28 17:50:15.634106

### 2to3 ###
Mean +- std dev: 585 ms +- 14 ms

### chameleon ###
Mean +- std dev: 20.0 ms +- 0.5 ms

### chaos ###
Mean +- std dev: 224 ms +- 11 ms

### crypto_pyaes ###
Mean +- std dev: 192 ms +- 5 ms

### deltablue ###
Mean +- std dev: 14.8 ms +- 0.5 ms

### django_template ###
Mean +- std dev: 263 ms +- 18 ms

### dulwich_log ###
Mean +- std dev: 129 ms +- 4 ms

### fannkuch ###
Mean +- std dev: 837 ms +- 14 ms

### float ###
Mean +- std dev: 198 ms +- 4 ms

### genshi_text ###
Mean +- std dev: 56.7 ms +- 1.8 ms

### genshi_xml ###
Mean +- std dev: 121 ms +- 3 ms

### go ###
Mean +- std dev: 483 ms +- 21 ms

### hexiom ###
Mean +- std dev: 20.2 ms +- 2.3 ms

### html5lib ###
Mean +- std dev: 167 ms +- 7 ms

### json_dumps ###
Mean +- std dev: 22.8 ms +- 0.4 ms

### json_loads ###
Mean +- std dev: 50.0 us +- 2.7 us

### logging_format ###
Mean +- std dev: 21.5 us +- 0.4 us

### logging_silent ###
Mean +- std dev: 640 ns +- 17 ns

### logging_simple ###
Mean +- std dev: 18.3 us +- 0.4 us

### mako ###
Mean +- std dev: 36.8 ms +- 1.0 ms

### meteor_contest ###
Mean +- std dev: 157 ms +- 3 ms

### nbody ###
Mean +- std dev: 211 ms +- 4 ms

### nqueens ###
Mean +- std dev: 182 ms +- 3 ms

### pathlib ###
Mean +- std dev: 64.8 ms +- 1.6 ms

### pickle ###
Mean +- std dev: 19.8 us +- 0.4 us

### pickle_dict ###
Mean +- std dev: 55.4 us +- 0.7 us

### pickle_list ###
Mean +- std dev: 7.88 us +- 0.29 us

### pickle_pure_python ###
Mean +- std dev: 949 us +- 22 us

### pidigits ###
Mean +- std dev: 238 ms +- 2 ms

### python_startup ###
Mean +- std dev: 18.5 ms +- 0.6 ms

### python_startup_no_site ###
Mean +- std dev: 12.9 ms +- 0.4 ms

### raytrace ###
Mean +- std dev: 1.02 sec +- 0.01 sec

### regex_compile ###
Mean +- std dev: 330 ms +- 7 ms

### regex_dna ###
Mean +- std dev: 242 ms +- 3 ms

### regex_effbot ###
Mean +- std dev: 4.04 ms +- 0.07 ms

### regex_v8 ###
Mean +- std dev: 36.0 ms +- 1.1 ms

### richards ###
Mean +- std dev: 149 ms +- 3 ms

### scimark_fft ###
Mean +- std dev: 592 ms +- 23 ms

### scimark_lu ###
Mean +- std dev: 420 ms +- 16 ms

### scimark_monte_carlo ###
Mean +- std dev: 195 ms +- 5 ms

### scimark_sor ###
Mean +- std dev: 423 ms +- 12 ms

### scimark_sparse_mat_mult ###
Mean +- std dev: 6.86 ms +- 0.25 ms

### spectral_norm ###
Mean +- std dev: 259 ms +- 6 ms

### sqlalchemy_declarative ###
Mean +- std dev: 249 ms +- 7 ms

### sqlalchemy_imperative ###
Mean +- std dev: 47.4 ms +- 1.4 ms

### sqlite_synth ###
Mean +- std dev: 4.71 us +- 0.11 us

### sympy_expand ###
Mean +- std dev: 803 ms +- 24 ms

### sympy_integrate ###
Mean +- std dev: 35.3 ms +- 1.1 ms

### sympy_sum ###
Mean +- std dev: 205 ms +- 46 ms

### sympy_str ###
Mean +- std dev: 516 ms +- 256 ms

### telco ###
Mean +- std dev: 14.0 ms +- 2.5 ms

### unpack_sequence ###
Mean +- std dev: 70.0 ns +- 1.1 ns

### unpickle ###
Mean +- std dev: 25.2 us +- 0.4 us

### unpickle_list ###
Mean +- std dev: 7.04 us +- 0.08 us

### unpickle_pure_python ###
Mean +- std dev: 702 us +- 14 us

### xml_etree_parse ###
Mean +- std dev: 217 ms +- 3 ms

### xml_etree_iterparse ###
Mean +- std dev: 181 ms +- 2 ms

### xml_etree_generate ###
Mean +- std dev: 188 ms +- 7 ms

### xml_etree_process ###
Mean +- std dev: 151 ms +- 4 ms

