Performance version: 0.7.0
Report on Linux-4.15.0-38-generic-x86_64-with-Ubuntu-18.04-bionic
Number of logical CPUs: 4
Start date: 2018-10-28 15:34:58.299207
End date: 2018-10-28 15:58:48.883521

### 2to3 ###
Mean +- std dev: 588 ms +- 22 ms

### chameleon ###
Mean +- std dev: 15.8 ms +- 0.5 ms

### chaos ###
Mean +- std dev: 186 ms +- 5 ms

### crypto_pyaes ###
Mean +- std dev: 171 ms +- 6 ms

### deltablue ###
Mean +- std dev: 12.6 ms +- 0.6 ms

### django_template ###
Mean +- std dev: 234 ms +- 7 ms

### fannkuch ###
Mean +- std dev: 798 ms +- 17 ms

### float ###
Mean +- std dev: 194 ms +- 7 ms

### genshi_text ###
Mean +- std dev: 53.2 ms +- 1.9 ms

### genshi_xml ###
Mean +- std dev: 113 ms +- 4 ms

### go ###
Mean +- std dev: 414 ms +- 11 ms

### hexiom ###
Mean +- std dev: 17.3 ms +- 0.6 ms

### html5lib ###
Mean +- std dev: 162 ms +- 6 ms

### json_dumps ###
Mean +- std dev: 21.9 ms +- 0.7 ms

### json_loads ###
Mean +- std dev: 41.5 us +- 1.5 us

### logging_format ###
Mean +- std dev: 18.1 us +- 0.6 us

### logging_silent ###
Mean +- std dev: 552 ns +- 18 ns

### logging_simple ###
Mean +- std dev: 15.7 us +- 0.5 us

### mako ###
Mean +- std dev: 33.1 ms +- 1.3 ms

### meteor_contest ###
Mean +- std dev: 174 ms +- 4 ms

### nbody ###
Mean +- std dev: 202 ms +- 6 ms

### nqueens ###
Mean +- std dev: 163 ms +- 5 ms

### pathlib ###
Mean +- std dev: 33.6 ms +- 1.8 ms

### pickle ###
Mean +- std dev: 14.8 us +- 0.4 us

### pickle_dict ###
Mean +- std dev: 41.8 us +- 1.1 us

### pickle_list ###
Mean +- std dev: 5.32 us +- 0.15 us

### pickle_pure_python ###
Mean +- std dev: 799 us +- 30 us

### pidigits ###
Mean +- std dev: 278 ms +- 8 ms

### python_startup ###
Mean +- std dev: 16.1 ms +- 0.7 ms

### python_startup_no_site ###
Mean +- std dev: 10.9 ms +- 0.4 ms

### raytrace ###
Mean +- std dev: 862 ms +- 18 ms

### regex_compile ###
Mean +- std dev: 305 ms +- 6 ms

### regex_dna ###
Mean +- std dev: 281 ms +- 9 ms

### regex_effbot ###
Mean +- std dev: 4.77 ms +- 0.14 ms

### regex_v8 ###
Mean +- std dev: 38.7 ms +- 1.3 ms

### richards ###
Mean +- std dev: 119 ms +- 3 ms

### scimark_fft ###
Mean +- std dev: 531 ms +- 12 ms

### scimark_lu ###
Mean +- std dev: 366 ms +- 11 ms

### scimark_monte_carlo ###
Mean +- std dev: 173 ms +- 4 ms

### scimark_sor ###
Mean +- std dev: 366 ms +- 9 ms

### scimark_sparse_mat_mult ###
Mean +- std dev: 6.38 ms +- 0.24 ms

### spectral_norm ###
Mean +- std dev: 220 ms +- 7 ms

### sqlalchemy_declarative ###
Mean +- std dev: 319 ms +- 6 ms

### sqlalchemy_imperative ###
Mean +- std dev: 65.5 ms +- 2.4 ms

### sqlite_synth ###
Mean +- std dev: 4.71 us +- 0.20 us

### sympy_expand ###
Mean +- std dev: 807 ms +- 18 ms

### sympy_integrate ###
Mean +- std dev: 38.1 ms +- 1.4 ms

### sympy_sum ###
Mean +- std dev: 207 ms +- 5 ms

### sympy_str ###
Mean +- std dev: 375 ms +- 11 ms

### telco ###
Mean +- std dev: 11.5 ms +- 0.5 ms

### tornado_http ###
Mean +- std dev: 375 ms +- 9 ms

### unpack_sequence ###
Mean +- std dev: 82.1 ns +- 2.5 ns

### unpickle ###
Mean +- std dev: 24.9 us +- 0.7 us

### unpickle_list ###
Mean +- std dev: 6.26 us +- 0.32 us

### unpickle_pure_python ###
Mean +- std dev: 594 us +- 17 us

### xml_etree_parse ###
Mean +- std dev: 253 ms +- 8 ms

### xml_etree_iterparse ###
Mean +- std dev: 191 ms +- 9 ms

### xml_etree_generate ###
Mean +- std dev: 175 ms +- 6 ms

### xml_etree_process ###
Mean +- std dev: 138 ms +- 6 ms
