Performance version: 0.7.0
Report on Linux-3.10.0-862.3.2.el7.x86_64-x86_64-with-debian-9.5
Number of logical CPUs: 10
Start date: 2018-10-28 14:13:29.068577
End date: 2018-10-28 14:44:49.995458

### 2to3 ###
Mean +- std dev: 877 ms +- 29 ms

### chameleon ###
Mean +- std dev: 25.9 ms +- 1.7 ms

### chaos ###
Mean +- std dev: 299 ms +- 9 ms

### crypto_pyaes ###
Mean +- std dev: 273 ms +- 5 ms

### deltablue ###
Mean +- std dev: 21.3 ms +- 1.5 ms

### django_template ###
Mean +- std dev: 322 ms +- 24 ms

### dulwich_log ###
Mean +- std dev: 187 ms +- 7 ms

### fannkuch ###
Mean +- std dev: 1.13 sec +- 0.04 sec

### float ###
Mean +- std dev: 290 ms +- 17 ms

### genshi_text ###
Mean +- std dev: 81.2 ms +- 5.6 ms

### genshi_xml ###
Mean +- std dev: 166 ms +- 10 ms

### go ###
Mean +- std dev: 650 ms +- 22 ms

### hexiom ###
Mean +- std dev: 25.6 ms +- 1.3 ms

### html5lib ###
Mean +- std dev: 221 ms +- 15 ms

### json_dumps ###
Mean +- std dev: 27.1 ms +- 0.9 ms

### json_loads ###
Mean +- std dev: 60.1 us +- 1.7 us

### logging_format ###
Mean +- std dev: 24.8 us +- 1.0 us

### logging_silent ###
Mean +- std dev: 460 ns +- 25 ns

### logging_simple ###
Mean +- std dev: 23.1 us +- 1.5 us

### mako ###
Mean +- std dev: 46.9 ms +- 2.6 ms

### meteor_contest ###
Mean +- std dev: 215 ms +- 5 ms

### nbody ###
Mean +- std dev: 281 ms +- 11 ms

### nqueens ###
Mean +- std dev: 232 ms +- 11 ms

### pathlib ###
Mean +- std dev: 47.3 ms +- 5.1 ms

### pickle ###
Mean +- std dev: 24.9 us +- 1.3 us

### pickle_dict ###
Mean +- std dev: 72.6 us +- 2.4 us

### pickle_list ###
Mean +- std dev: 9.68 us +- 0.48 us

### pickle_pure_python ###
Mean +- std dev: 1.21 ms +- 0.07 ms

### pidigits ###
Mean +- std dev: 338 ms +- 10 ms

### python_startup ###
Mean +- std dev: 18.5 ms +- 1.1 ms

### python_startup_no_site ###
Mean +- std dev: 13.8 ms +- 1.0 ms

### raytrace ###
Mean +- std dev: 1.31 sec +- 0.04 sec

### regex_compile ###
Mean +- std dev: 444 ms +- 20 ms

### regex_dna ###
Mean +- std dev: 330 ms +- 10 ms

### regex_effbot ###
Mean +- std dev: 5.54 ms +- 0.28 ms

### regex_v8 ###
Mean +- std dev: 47.9 ms +- 1.5 ms

### richards ###
Mean +- std dev: 200 ms +- 8 ms

### scimark_fft ###
Mean +- std dev: 776 ms +- 27 ms

### scimark_lu ###
Mean +- std dev: 450 ms +- 23 ms

### scimark_monte_carlo ###
Mean +- std dev: 271 ms +- 12 ms

### scimark_sor ###
Mean +- std dev: 520 ms +- 18 ms

### scimark_sparse_mat_mult ###
Mean +- std dev: 9.52 ms +- 0.34 ms

### spectral_norm ###
Mean +- std dev: 323 ms +- 17 ms

### sqlalchemy_declarative ###
Mean +- std dev: 387 ms +- 11 ms

### sqlalchemy_imperative ###
Mean +- std dev: 78.5 ms +- 5.0 ms

### sqlite_synth ###
Mean +- std dev: 8.08 us +- 0.88 us

### sympy_expand ###
Mean +- std dev: 1.04 sec +- 0.03 sec

### sympy_integrate ###
Mean +- std dev: 51.7 ms +- 2.6 ms

### sympy_sum ###
Mean +- std dev: 258 ms +- 10 ms

### sympy_str ###
Mean +- std dev: 502 ms +- 22 ms

### telco ###
Mean +- std dev: 15.9 ms +- 1.0 ms

### tornado_http ###
Mean +- std dev: 524 ms +- 43 ms

### unpack_sequence ###
Mean +- std dev: 113 ns +- 4 ns

### unpickle ###
Mean +- std dev: 33.2 us +- 1.6 us

### unpickle_list ###
Mean +- std dev: 8.36 us +- 0.41 us

### unpickle_pure_python ###
Mean +- std dev: 939 us +- 54 us

### xml_etree_parse ###
Mean +- std dev: 289 ms +- 14 ms

### xml_etree_iterparse ###
Mean +- std dev: 233 ms +- 15 ms

### xml_etree_generate ###
Mean +- std dev: 252 ms +- 9 ms

### xml_etree_process ###
Mean +- std dev: 214 ms +- 11 ms
